<?xml version="1.0" encoding="UTF-8"?>
<testsuite name="com.offerciti.controller.GreetingControllerTests" tests="1" skipped="0" failures="0" errors="0" timestamp="2016-07-28T14:10:23" hostname="PRINHYLTPAP1000.local" time="0.149">
  <properties/>
  <testcase name="noParamGreetingShouldReturnDefaultMessage" classname="com.offerciti.controller.GreetingControllerTests" time="0.149"/>
  <system-out><![CDATA[19:40:20.298 [Test worker] DEBUG org.springframework.test.context.junit4.SpringJUnit4ClassRunner - SpringJUnit4ClassRunner constructor called with [class com.offerciti.controller.GreetingControllerTests]
19:40:20.305 [Test worker] DEBUG org.springframework.test.context.BootstrapUtils - Instantiating CacheAwareContextLoaderDelegate from class [org.springframework.test.context.cache.DefaultCacheAwareContextLoaderDelegate]
19:40:20.313 [Test worker] DEBUG org.springframework.test.context.BootstrapUtils - Instantiating BootstrapContext using constructor [public org.springframework.test.context.support.DefaultBootstrapContext(java.lang.Class,org.springframework.test.context.CacheAwareContextLoaderDelegate)]
19:40:20.330 [Test worker] DEBUG org.springframework.test.context.BootstrapUtils - Instantiating TestContextBootstrapper for test class [com.offerciti.controller.GreetingControllerTests] from class [org.springframework.test.context.web.WebTestContextBootstrapper]
19:40:20.359 [Test worker] DEBUG org.springframework.test.context.web.WebTestContextBootstrapper - Found explicit ContextLoader class [org.springframework.boot.test.SpringApplicationContextLoader] for context configuration attributes [ContextConfigurationAttributes@5e231bef declaringClass = 'com.offerciti.controller.GreetingControllerTests', classes = '{class com.offerciti.Application}', locations = '{}', inheritLocations = true, initializers = '{}', inheritInitializers = true, name = [null], contextLoaderClass = 'org.springframework.boot.test.SpringApplicationContextLoader']
19:40:20.368 [Test worker] DEBUG org.springframework.test.context.support.AbstractContextLoader - Did not detect default resource location for test class [com.offerciti.controller.GreetingControllerTests]: class path resource [com/offerciti/controller/GreetingControllerTests-context.xml] does not exist
19:40:20.368 [Test worker] DEBUG org.springframework.test.context.support.AbstractContextLoader - Did not detect default resource location for test class [com.offerciti.controller.GreetingControllerTests]: class path resource [com/offerciti/controller/GreetingControllerTestsContext.groovy] does not exist
19:40:20.369 [Test worker] INFO org.springframework.test.context.support.AbstractContextLoader - Could not detect default resource locations for test class [com.offerciti.controller.GreetingControllerTests]: no resource found for suffixes {-context.xml, Context.groovy}.
19:40:20.371 [Test worker] DEBUG org.springframework.test.context.support.ActiveProfilesUtils - Could not find an 'annotation declaring class' for annotation type [org.springframework.test.context.ActiveProfiles] and class [com.offerciti.controller.GreetingControllerTests]
19:40:20.378 [Test worker] DEBUG org.springframework.test.context.web.WebTestContextBootstrapper - @TestExecutionListeners is not present for class [com.offerciti.controller.GreetingControllerTests]: using defaults.
19:40:20.388 [Test worker] INFO org.springframework.test.context.web.WebTestContextBootstrapper - Loaded default TestExecutionListener class names from location [META-INF/spring.factories]: [org.springframework.test.context.web.ServletTestExecutionListener, org.springframework.test.context.support.DirtiesContextBeforeModesTestExecutionListener, org.springframework.test.context.support.DependencyInjectionTestExecutionListener, org.springframework.test.context.support.DirtiesContextTestExecutionListener, org.springframework.test.context.transaction.TransactionalTestExecutionListener, org.springframework.test.context.jdbc.SqlScriptsTestExecutionListener]
19:40:20.396 [Test worker] INFO org.springframework.test.context.web.WebTestContextBootstrapper - Could not instantiate TestExecutionListener [org.springframework.test.context.transaction.TransactionalTestExecutionListener]. Specify custom listener classes or make the default listener classes (and their required dependencies) available. Offending class: [org/springframework/transaction/interceptor/TransactionAttributeSource]
19:40:20.397 [Test worker] INFO org.springframework.test.context.web.WebTestContextBootstrapper - Could not instantiate TestExecutionListener [org.springframework.test.context.jdbc.SqlScriptsTestExecutionListener]. Specify custom listener classes or make the default listener classes (and their required dependencies) available. Offending class: [org/springframework/transaction/interceptor/TransactionAttribute]
19:40:20.402 [Test worker] INFO org.springframework.test.context.web.WebTestContextBootstrapper - Using TestExecutionListeners: [org.springframework.test.context.web.ServletTestExecutionListener@5e12d0ca, org.springframework.test.context.support.DirtiesContextBeforeModesTestExecutionListener@1224b335, org.springframework.test.context.support.DependencyInjectionTestExecutionListener@5bdca8fd, org.springframework.test.context.support.DirtiesContextTestExecutionListener@55b0b5b6]
19:40:20.405 [Test worker] DEBUG org.springframework.test.annotation.ProfileValueUtils - Retrieved @ProfileValueSourceConfiguration [null] for test class [com.offerciti.controller.GreetingControllerTests]
19:40:20.406 [Test worker] DEBUG org.springframework.test.annotation.ProfileValueUtils - Retrieved ProfileValueSource type [class org.springframework.test.annotation.SystemProfileValueSource] for class [com.offerciti.controller.GreetingControllerTests]
19:40:20.409 [Test worker] DEBUG org.springframework.test.annotation.ProfileValueUtils - Retrieved @ProfileValueSourceConfiguration [null] for test class [com.offerciti.controller.GreetingControllerTests]
19:40:20.410 [Test worker] DEBUG org.springframework.test.annotation.ProfileValueUtils - Retrieved ProfileValueSource type [class org.springframework.test.annotation.SystemProfileValueSource] for class [com.offerciti.controller.GreetingControllerTests]
19:40:20.411 [Test worker] DEBUG org.springframework.test.annotation.ProfileValueUtils - Retrieved @ProfileValueSourceConfiguration [null] for test class [com.offerciti.controller.GreetingControllerTests]
19:40:20.411 [Test worker] DEBUG org.springframework.test.annotation.ProfileValueUtils - Retrieved ProfileValueSource type [class org.springframework.test.annotation.SystemProfileValueSource] for class [com.offerciti.controller.GreetingControllerTests]
19:40:20.414 [Test worker] DEBUG org.springframework.test.context.support.AbstractDirtiesContextTestExecutionListener - Before test class: context [DefaultTestContext@4eef7ad4 testClass = GreetingControllerTests, testInstance = [null], testMethod = [null], testException = [null], mergedContextConfiguration = [WebMergedContextConfiguration@6f86ddd5 testClass = GreetingControllerTests, locations = '{}', classes = '{class com.offerciti.Application}', contextInitializerClasses = '[]', activeProfiles = '{}', propertySourceLocations = '{}', propertySourceProperties = '{}', resourceBasePath = 'src/main/webapp', contextLoader = 'org.springframework.boot.test.SpringApplicationContextLoader', parent = [null]]], class annotated with @DirtiesContext [false] with mode [null].
19:40:20.415 [Test worker] DEBUG org.springframework.test.annotation.ProfileValueUtils - Retrieved @ProfileValueSourceConfiguration [null] for test class [com.offerciti.controller.GreetingControllerTests]
19:40:20.416 [Test worker] DEBUG org.springframework.test.annotation.ProfileValueUtils - Retrieved ProfileValueSource type [class org.springframework.test.annotation.SystemProfileValueSource] for class [com.offerciti.controller.GreetingControllerTests]
19:40:20.488 [Test worker] DEBUG org.springframework.core.env.StandardEnvironment - Adding [systemProperties] PropertySource with lowest search precedence
19:40:20.490 [Test worker] DEBUG org.springframework.core.env.StandardEnvironment - Adding [systemEnvironment] PropertySource with lowest search precedence
19:40:20.490 [Test worker] DEBUG org.springframework.core.env.StandardEnvironment - Initialized StandardEnvironment with PropertySources [systemProperties,systemEnvironment]
19:40:20.492 [Test worker] DEBUG org.springframework.core.env.StandardEnvironment - Adding [integrationTest] PropertySource with search precedence immediately lower than [systemEnvironment]

  .   ____          _            __ _ _
 /\\ / ___'_ __ _ _(_)_ __  __ _ \ \ \ \
( ( )\___ | '_ | '_| | '_ \/ _` | \ \ \ \
 \\/  ___)| |_)| | | | | || (_| |  ) ) ) )
  '  |____| .__|_| |_|_| |_\__, | / / / /
 =========|_|==============|___/=/_/_/_/
 :: Spring Boot ::        (v1.3.6.RELEASE)

2016-07-28 19:40:20.866  INFO 70442 --- [    Test worker] c.o.controller.GreetingControllerTests   : Starting GreetingControllerTests on PRINHYLTPAP1000.local with PID 70442 (/Users/venkaiahp/work/offerciti/build/classes/test started by venkaiahp in /Users/venkaiahp/work/offerciti)
2016-07-28 19:40:20.868  INFO 70442 --- [    Test worker] c.o.controller.GreetingControllerTests   : No active profile set, falling back to default profiles: default
2016-07-28 19:40:20.987  INFO 70442 --- [    Test worker] o.s.w.c.s.GenericWebApplicationContext   : Refreshing org.springframework.web.context.support.GenericWebApplicationContext@2db44acd: startup date [Thu Jul 28 19:40:20 IST 2016]; root of context hierarchy
2016-07-28 19:40:23.323  INFO 70442 --- [    Test worker] s.w.s.m.m.a.RequestMappingHandlerAdapter : Looking for @ControllerAdvice: org.springframework.web.context.support.GenericWebApplicationContext@2db44acd: startup date [Thu Jul 28 19:40:20 IST 2016]; root of context hierarchy
2016-07-28 19:40:23.422  INFO 70442 --- [    Test worker] s.w.s.m.m.a.RequestMappingHandlerMapping : Mapped "{[/ads/create]}" onto public com.offerciti.model.Ad com.offerciti.controller.AdController.createAd(java.lang.String)
2016-07-28 19:40:23.427  INFO 70442 --- [    Test worker] s.w.s.m.m.a.RequestMappingHandlerMapping : Mapped "{[/error]}" onto public org.springframework.http.ResponseEntity<java.util.Map<java.lang.String, java.lang.Object>> org.springframework.boot.autoconfigure.web.BasicErrorController.error(javax.servlet.http.HttpServletRequest)
2016-07-28 19:40:23.428  INFO 70442 --- [    Test worker] s.w.s.m.m.a.RequestMappingHandlerMapping : Mapped "{[/error],produces=[text/html]}" onto public org.springframework.web.servlet.ModelAndView org.springframework.boot.autoconfigure.web.BasicErrorController.errorHtml(javax.servlet.http.HttpServletRequest,javax.servlet.http.HttpServletResponse)
2016-07-28 19:40:23.469  INFO 70442 --- [    Test worker] o.s.w.s.handler.SimpleUrlHandlerMapping  : Mapped URL path [/webjars/**] onto handler of type [class org.springframework.web.servlet.resource.ResourceHttpRequestHandler]
2016-07-28 19:40:23.470  INFO 70442 --- [    Test worker] o.s.w.s.handler.SimpleUrlHandlerMapping  : Mapped URL path [/**] onto handler of type [class org.springframework.web.servlet.resource.ResourceHttpRequestHandler]
2016-07-28 19:40:23.520  INFO 70442 --- [    Test worker] o.s.w.s.handler.SimpleUrlHandlerMapping  : Mapped URL path [/**/favicon.ico] onto handler of type [class org.springframework.web.servlet.resource.ResourceHttpRequestHandler]
2016-07-28 19:40:23.689  INFO 70442 --- [    Test worker] c.o.controller.GreetingControllerTests   : Started GreetingControllerTests in 3.186 seconds (JVM running for 4.37)
2016-07-28 19:40:23.716  INFO 70442 --- [    Test worker] o.s.b.test.SpringBootMockServletContext  : Initializing Spring FrameworkServlet ''
2016-07-28 19:40:23.716  INFO 70442 --- [    Test worker] o.s.t.web.servlet.TestDispatcherServlet  : FrameworkServlet '': initialization started
2016-07-28 19:40:23.732  INFO 70442 --- [    Test worker] o.s.t.web.servlet.TestDispatcherServlet  : FrameworkServlet '': initialization completed in 15 ms

MockHttpServletRequest:
      HTTP Method = GET
      Request URI = /ads/create
       Parameters = {}
          Headers = {}

Handler:
             Type = com.offerciti.controller.AdController
           Method = public com.offerciti.model.Ad com.offerciti.controller.AdController.createAd(java.lang.String)

Async:
    Async started = false
     Async result = null

Resolved Exception:
             Type = null

ModelAndView:
        View name = null
             View = null
            Model = null

FlashMap:
       Attributes = null

MockHttpServletResponse:
           Status = 200
    Error message = null
          Headers = {Content-Type=[application/json;charset=UTF-8]}
     Content type = application/json;charset=UTF-8
             Body = {"name":"Hello World"}
    Forwarded URL = null
   Redirected URL = null
          Cookies = []
]]></system-out>
  <system-err><![CDATA[]]></system-err>
</testsuite>
